<?xml version="1.0" encoding="UTF-8"?>
<!-- Generated by org.testng.reporters.JUnitReportReporter -->
<testsuite hostname="DESKTOP-MVIO5TL" failures="0" tests="1" name="TestNGListners.GoogleLoginFailcase" time="1.139" errors="1" timestamp="2023-09-28T23:54:40 IST" skipped="0">
  <testcase classname="TestNGListners.GoogleLoginFailcase" name="Loginfail" time="1.139">
    <error message="Method TestNGListners.GoogleLoginFailcase.Loginfail() didn&#039;t finish within the time-out 1000" type="org.testng.internal.thread.ThreadTimeoutException">
      <![CDATA[org.testng.internal.thread.ThreadTimeoutException: Method TestNGListners.GoogleLoginFailcase.Loginfail() didn't finish within the time-out 1000
at java.base@17.0.7/sun.nio.ch.FileDispatcherImpl.write0(Native Method)
at java.base@17.0.7/sun.nio.ch.FileDispatcherImpl.write(FileDispatcherImpl.java:68)
at java.base@17.0.7/sun.nio.ch.IOUtil.writeFromNativeBuffer(IOUtil.java:132)
at java.base@17.0.7/sun.nio.ch.IOUtil.write(IOUtil.java:97)
at java.base@17.0.7/sun.nio.ch.IOUtil.write(IOUtil.java:67)
at java.base@17.0.7/sun.nio.ch.FileChannelImpl.write(FileChannelImpl.java:288)
at java.base@17.0.7/java.nio.channels.Channels.writeFullyImpl(Channels.java:74)
at java.base@17.0.7/java.nio.channels.Channels.writeFully(Channels.java:96)
at java.base@17.0.7/java.nio.channels.Channels$1.write(Channels.java:171)
at java.base@17.0.7/java.io.InputStream.transferTo(InputStream.java:783)
at java.base@17.0.7/java.nio.file.Files.copy(Files.java:3171)
at app//org.openqa.selenium.manager.SeleniumManager.getBinary(SeleniumManager.java:186)
at app//org.openqa.selenium.manager.SeleniumManager.getDriverPath(SeleniumManager.java:232)
at app//org.openqa.selenium.remote.service.DriverFinder.getPath(DriverFinder.java:22)
at app//org.openqa.selenium.remote.service.DriverFinder.getPath(DriverFinder.java:13)
at app//org.openqa.selenium.chrome.ChromeDriver.generateExecutor(ChromeDriver.java:99)
at app//org.openqa.selenium.chrome.ChromeDriver.<init>(ChromeDriver.java:88)
at app//org.openqa.selenium.chrome.ChromeDriver.<init>(ChromeDriver.java:83)
at app//org.openqa.selenium.chrome.ChromeDriver.<init>(ChromeDriver.java:51)
at app//TestNGListners.GoogleLoginFailcase.Loginfail(GoogleLoginFailcase.java:17)
at java.base@17.0.7/jdk.internal.reflect.NativeMethodAccessorImpl.invoke0(Native Method)
at java.base@17.0.7/jdk.internal.reflect.NativeMethodAccessorImpl.invoke(NativeMethodAccessorImpl.java:77)
at java.base@17.0.7/jdk.internal.reflect.DelegatingMethodAccessorImpl.invoke(DelegatingMethodAccessorImpl.java:43)
at java.base@17.0.7/java.lang.reflect.Method.invoke(Method.java:568)
at app//org.testng.internal.invokers.MethodInvocationHelper.invokeMethod(MethodInvocationHelper.java:139)
at app//org.testng.internal.invokers.InvokeMethodRunnable.runOne(InvokeMethodRunnable.java:47)
at app//org.testng.internal.invokers.InvokeMethodRunnable.call(InvokeMethodRunnable.java:76)
at app//org.testng.internal.invokers.InvokeMethodRunnable.call(InvokeMethodRunnable.java:11)
at java.base@17.0.7/java.util.concurrent.FutureTask.run(FutureTask.java:264)
at java.base@17.0.7/java.util.concurrent.ThreadPoolExecutor.runWorker(ThreadPoolExecutor.java:1136)
at java.base@17.0.7/java.util.concurrent.ThreadPoolExecutor$Worker.run(ThreadPoolExecutor.java:635)
at java.base@17.0.7/java.lang.Thread.run(Thread.java:833)
]]>
    </error>
    <system-out>
      <![CDATA[Testing is starting]]>
    </system-out>
  </testcase> <!-- Loginfail -->
  <system-out>
    <![CDATA[Testing is starting]]>
  </system-out>
</testsuite> <!-- TestNGListners.GoogleLoginFailcase -->
